{"C:\\Users\\MSI\\WebstormProjects\\TP1Test\\src\\math.js": {"path":"C:\\Users\\MSI\\WebstormProjects\\TP1Test\\src\\math.js","all":false,"statementMap":{"0":{"start":{"line":1,"column":0},"end":{"line":1,"column":27}},"1":{"start":{"line":2,"column":0},"end":{"line":2,"column":17}},"2":{"start":{"line":3,"column":0},"end":{"line":3,"column":1}}},"s":{"0":1,"1":1,"2":1},"branchMap":{"0":{"type":"branch","line":1,"loc":{"start":{"line":1,"column":7},"end":{"line":3,"column":1}},"locations":[{"start":{"line":1,"column":7},"end":{"line":3,"column":1}}]}},"b":{"0":[1]},"fnMap":{"0":{"name":"add","decl":{"start":{"line":1,"column":7},"end":{"line":3,"column":1}},"loc":{"start":{"line":1,"column":7},"end":{"line":3,"column":1}},"line":1}},"f":{"0":1}}
,"C:\\Users\\MSI\\WebstormProjects\\TP1Test\\src\\priceUtils.js": {"path":"C:\\Users\\MSI\\WebstormProjects\\TP1Test\\src\\priceUtils.js","all":false,"statementMap":{"0":{"start":{"line":1,"column":0},"end":{"line":1,"column":49}},"1":{"start":{"line":2,"column":0},"end":{"line":2,"column":40}},"2":{"start":{"line":3,"column":0},"end":{"line":3,"column":1}}},"s":{"0":1,"1":9,"2":9},"branchMap":{"0":{"type":"branch","line":1,"loc":{"start":{"line":1,"column":7},"end":{"line":3,"column":1}},"locations":[{"start":{"line":1,"column":7},"end":{"line":3,"column":1}}]},"1":{"type":"branch","line":2,"loc":{"start":{"line":2,"column":24},"end":{"line":2,"column":39}},"locations":[{"start":{"line":2,"column":24},"end":{"line":2,"column":39}}]}},"b":{"0":[9],"1":[5]},"fnMap":{"0":{"name":"isPriceInRange","decl":{"start":{"line":1,"column":7},"end":{"line":3,"column":1}},"loc":{"start":{"line":1,"column":7},"end":{"line":3,"column":1}},"line":1}},"f":{"0":9}}
,"C:\\Users\\MSI\\WebstormProjects\\TP1Test\\src\\randomUser.js": {"path":"C:\\Users\\MSI\\WebstormProjects\\TP1Test\\src\\randomUser.js","all":false,"statementMap":{"0":{"start":{"line":1,"column":0},"end":{"line":1,"column":41}},"1":{"start":{"line":2,"column":0},"end":{"line":2,"column":63}},"2":{"start":{"line":3,"column":0},"end":{"line":3,"column":23}},"3":{"start":{"line":4,"column":0},"end":{"line":4,"column":55}},"4":{"start":{"line":5,"column":0},"end":{"line":5,"column":5}},"5":{"start":{"line":6,"column":0},"end":{"line":6,"column":39}},"6":{"start":{"line":7,"column":0},"end":{"line":7,"column":96}},"7":{"start":{"line":8,"column":0},"end":{"line":8,"column":1}}},"s":{"0":1,"1":1,"2":1,"3":0,"4":0,"5":1,"6":1,"7":1},"branchMap":{"0":{"type":"branch","line":1,"loc":{"start":{"line":1,"column":7},"end":{"line":8,"column":1}},"locations":[{"start":{"line":1,"column":7},"end":{"line":8,"column":1}}]},"1":{"type":"branch","line":3,"loc":{"start":{"line":3,"column":22},"end":{"line":5,"column":5}},"locations":[{"start":{"line":3,"column":22},"end":{"line":5,"column":5}}]}},"b":{"0":[1],"1":[0]},"fnMap":{"0":{"name":"fetchRandomUser","decl":{"start":{"line":1,"column":7},"end":{"line":8,"column":1}},"loc":{"start":{"line":1,"column":7},"end":{"line":8,"column":1}},"line":1}},"f":{"0":1}}
,"C:\\Users\\MSI\\WebstormProjects\\TP1Test\\src\\sortUtils.js": {"path":"C:\\Users\\MSI\\WebstormProjects\\TP1Test\\src\\sortUtils.js","all":false,"statementMap":{"0":{"start":{"line":1,"column":0},"end":{"line":1,"column":30}},"1":{"start":{"line":2,"column":0},"end":{"line":2,"column":82}},"2":{"start":{"line":3,"column":0},"end":{"line":3,"column":53}},"3":{"start":{"line":4,"column":0},"end":{"line":4,"column":70}},"4":{"start":{"line":5,"column":0},"end":{"line":5,"column":5}},"5":{"start":{"line":6,"column":0},"end":{"line":6,"column":0}},"6":{"start":{"line":7,"column":0},"end":{"line":7,"column":41}},"7":{"start":{"line":8,"column":0},"end":{"line":8,"column":47}},"8":{"start":{"line":9,"column":0},"end":{"line":9,"column":1}}},"s":{"0":1,"1":7,"2":7,"3":1,"4":1,"5":6,"6":6,"7":6,"8":6},"branchMap":{"0":{"type":"branch","line":1,"loc":{"start":{"line":1,"column":7},"end":{"line":9,"column":1}},"locations":[{"start":{"line":1,"column":7},"end":{"line":9,"column":1}}]},"1":{"type":"branch","line":3,"loc":{"start":{"line":3,"column":52},"end":{"line":5,"column":5}},"locations":[{"start":{"line":3,"column":52},"end":{"line":5,"column":5}}]},"2":{"type":"branch","line":6,"loc":{"start":{"line":6,"column":-2},"end":{"line":9,"column":1}},"locations":[{"start":{"line":6,"column":-2},"end":{"line":9,"column":1}}]},"3":{"type":"branch","line":8,"loc":{"start":{"line":8,"column":30},"end":{"line":8,"column":45}},"locations":[{"start":{"line":8,"column":30},"end":{"line":8,"column":45}}]}},"b":{"0":[7],"1":[1],"2":[6],"3":[20]},"fnMap":{"0":{"name":"trier","decl":{"start":{"line":1,"column":7},"end":{"line":9,"column":1}},"loc":{"start":{"line":1,"column":7},"end":{"line":9,"column":1}},"line":1}},"f":{"0":7}}
,"C:\\Users\\MSI\\WebstormProjects\\TP1Test\\src\\stringUtils.js": {"path":"C:\\Users\\MSI\\WebstormProjects\\TP1Test\\src\\stringUtils.js","all":false,"statementMap":{"0":{"start":{"line":1,"column":0},"end":{"line":1,"column":42}},"1":{"start":{"line":2,"column":0},"end":{"line":2,"column":37}},"2":{"start":{"line":3,"column":0},"end":{"line":3,"column":1}}},"s":{"0":1,"1":3,"2":3},"branchMap":{"0":{"type":"branch","line":1,"loc":{"start":{"line":1,"column":7},"end":{"line":3,"column":1}},"locations":[{"start":{"line":1,"column":7},"end":{"line":3,"column":1}}]}},"b":{"0":[3]},"fnMap":{"0":{"name":"transformer","decl":{"start":{"line":1,"column":7},"end":{"line":3,"column":1}},"loc":{"start":{"line":1,"column":7},"end":{"line":3,"column":1}},"line":1}},"f":{"0":3}}
}
